CRITICAL - 2023-06-13 05:51:49 --> The framework needs the following extension(s) installed and loaded: intl.
#0 C:\xampp\htdocs\Lab9_php_ci\ci4\system\CodeIgniter.php(219): CodeIgniter\Exceptions\FrameworkException::forMissingExtension('intl')
#1 C:\xampp\htdocs\Lab9_php_ci\ci4\system\CodeIgniter.php(177): CodeIgniter\CodeIgniter->resolvePlatformExtensions()
#2 C:\xampp\htdocs\Lab9_php_ci\ci4\system\bootstrap.php(146): CodeIgniter\CodeIgniter->initialize()
#3 C:\xampp\htdocs\Lab9_php_ci\ci4\spark(45): require('C:\\xampp\\htdocs...')
#4 {main}
CRITICAL - 2023-06-13 05:56:14 --> The framework needs the following extension(s) installed and loaded: intl.
#0 C:\xampp\htdocs\Lab9_php_ci\ci4\system\CodeIgniter.php(219): CodeIgniter\Exceptions\FrameworkException::forMissingExtension('intl')
#1 C:\xampp\htdocs\Lab9_php_ci\ci4\system\CodeIgniter.php(177): CodeIgniter\CodeIgniter->resolvePlatformExtensions()
#2 C:\xampp\htdocs\Lab9_php_ci\ci4\system\bootstrap.php(146): CodeIgniter\CodeIgniter->initialize()
#3 C:\xampp\htdocs\Lab9_php_ci\ci4\spark(45): require('C:\\xampp\\htdocs...')
#4 {main}
CRITICAL - 2023-06-13 05:56:28 --> The framework needs the following extension(s) installed and loaded: intl.
#0 C:\xampp\htdocs\Lab9_php_ci\ci4\system\CodeIgniter.php(219): CodeIgniter\Exceptions\FrameworkException::forMissingExtension('intl')
#1 C:\xampp\htdocs\Lab9_php_ci\ci4\system\CodeIgniter.php(177): CodeIgniter\CodeIgniter->resolvePlatformExtensions()
#2 C:\xampp\htdocs\Lab9_php_ci\ci4\system\bootstrap.php(146): CodeIgniter\CodeIgniter->initialize()
#3 C:\xampp\htdocs\Lab9_php_ci\ci4\spark(45): require('C:\\xampp\\htdocs...')
#4 {main}
CRITICAL - 2023-06-13 05:56:32 --> The framework needs the following extension(s) installed and loaded: intl.
#0 C:\xampp\htdocs\Lab9_php_ci\ci4\system\CodeIgniter.php(219): CodeIgniter\Exceptions\FrameworkException::forMissingExtension('intl')
#1 C:\xampp\htdocs\Lab9_php_ci\ci4\system\CodeIgniter.php(177): CodeIgniter\CodeIgniter->resolvePlatformExtensions()
#2 C:\xampp\htdocs\Lab9_php_ci\ci4\system\bootstrap.php(146): CodeIgniter\CodeIgniter->initialize()
#3 C:\xampp\htdocs\Lab9_php_ci\ci4\spark(45): require('C:\\xampp\\htdocs...')
#4 {main}
CRITICAL - 2023-06-13 04:09:52 --> The framework needs the following extension(s) installed and loaded: curl, intl, mbstring.
#0 C:\xampp\htdocs\Lab9_php_ci\ci4\system\CodeIgniter.php(219): CodeIgniter\Exceptions\FrameworkException::forMissingExtension('curl, intl, mbs...')
#1 C:\xampp\htdocs\Lab9_php_ci\ci4\system\CodeIgniter.php(177): CodeIgniter\CodeIgniter->resolvePlatformExtensions()
#2 C:\xampp\htdocs\Lab9_php_ci\ci4\system\bootstrap.php(146): CodeIgniter\CodeIgniter->initialize()
#3 C:\xampp\htdocs\Lab9_php_ci\ci4\spark(45): require('C:\\xampp\\htdocs...')
#4 {main}
