CRITICAL - 2023-06-12 22:58:54 --> syntax error, unexpected 'array' (T_ARRAY), expecting function (T_FUNCTION) or const (T_CONST)
#0 C:\xampp\htdocs\Lab9_php_ci\ci4\system\Autoloader\Autoloader.php(241): CodeIgniter\Autoloader\Autoloader->includeFile('C:\\xampp\\htdocs...')
#1 C:\xampp\htdocs\Lab9_php_ci\ci4\system\Autoloader\Autoloader.php(219): CodeIgniter\Autoloader\Autoloader->loadInNamespace('CodeIgniter\\Com...')
#2 [internal function]: CodeIgniter\Autoloader\Autoloader->loadClass('CodeIgniter\\Com...')
#3 [internal function]: spl_autoload_call('CodeIgniter\\Com...')
#4 C:\xampp\htdocs\Lab9_php_ci\ci4\system\Autoloader\FileLocator.php(280): class_exists('\\CodeIgniter\\Co...')
#5 C:\xampp\htdocs\Lab9_php_ci\ci4\system\CLI\Commands.php(99): CodeIgniter\Autoloader\FileLocator->findQualifiedNameFromPath('C:\\xampp\\htdocs...')
#6 C:\xampp\htdocs\Lab9_php_ci\ci4\system\CLI\Commands.php(46): CodeIgniter\CLI\Commands->discoverCommands()
#7 C:\xampp\htdocs\Lab9_php_ci\ci4\system\Config\Services.php(153): CodeIgniter\CLI\Commands->__construct()
#8 C:\xampp\htdocs\Lab9_php_ci\ci4\system\Config\BaseService.php(248): CodeIgniter\Config\Services::commands(false)
#9 C:\xampp\htdocs\Lab9_php_ci\ci4\system\Config\BaseService.php(189): CodeIgniter\Config\BaseService::__callStatic('commands', Array)
#10 C:\xampp\htdocs\Lab9_php_ci\ci4\system\Config\Services.php(150): CodeIgniter\Config\BaseService::getSharedInstance('commands')
#11 C:\xampp\htdocs\Lab9_php_ci\ci4\system\Config\BaseService.php(248): CodeIgniter\Config\Services::commands()
#12 C:\xampp\htdocs\Lab9_php_ci\ci4\system\CLI\CommandRunner.php(35): CodeIgniter\Config\BaseService::__callStatic('commands', Array)
#13 C:\xampp\htdocs\Lab9_php_ci\ci4\system\CodeIgniter.php(809): CodeIgniter\CLI\CommandRunner->__construct()
#14 C:\xampp\htdocs\Lab9_php_ci\ci4\system\CodeIgniter.php(410): CodeIgniter\CodeIgniter->createController()
#15 C:\xampp\htdocs\Lab9_php_ci\ci4\system\CodeIgniter.php(326): CodeIgniter\CodeIgniter->handleRequest(NULL, Object(Config\Cache), false)
#16 C:\xampp\htdocs\Lab9_php_ci\ci4\system\CLI\Console.php(48): CodeIgniter\CodeIgniter->run()
#17 C:\xampp\htdocs\Lab9_php_ci\ci4\spark(63): CodeIgniter\CLI\Console->run()
#18 {main}
CRITICAL - 2023-06-12 22:59:10 --> syntax error, unexpected 'array' (T_ARRAY), expecting function (T_FUNCTION) or const (T_CONST)
#0 C:\xampp\htdocs\Lab9_php_ci\ci4\system\Autoloader\Autoloader.php(241): CodeIgniter\Autoloader\Autoloader->includeFile('C:\\xampp\\htdocs...')
#1 C:\xampp\htdocs\Lab9_php_ci\ci4\system\Autoloader\Autoloader.php(219): CodeIgniter\Autoloader\Autoloader->loadInNamespace('CodeIgniter\\Com...')
#2 [internal function]: CodeIgniter\Autoloader\Autoloader->loadClass('CodeIgniter\\Com...')
#3 [internal function]: spl_autoload_call('CodeIgniter\\Com...')
#4 C:\xampp\htdocs\Lab9_php_ci\ci4\system\Autoloader\FileLocator.php(280): class_exists('\\CodeIgniter\\Co...')
#5 C:\xampp\htdocs\Lab9_php_ci\ci4\system\CLI\Commands.php(99): CodeIgniter\Autoloader\FileLocator->findQualifiedNameFromPath('C:\\xampp\\htdocs...')
#6 C:\xampp\htdocs\Lab9_php_ci\ci4\system\CLI\Commands.php(46): CodeIgniter\CLI\Commands->discoverCommands()
#7 C:\xampp\htdocs\Lab9_php_ci\ci4\system\Config\Services.php(153): CodeIgniter\CLI\Commands->__construct()
#8 C:\xampp\htdocs\Lab9_php_ci\ci4\system\Config\BaseService.php(248): CodeIgniter\Config\Services::commands(false)
#9 C:\xampp\htdocs\Lab9_php_ci\ci4\system\Config\BaseService.php(189): CodeIgniter\Config\BaseService::__callStatic('commands', Array)
#10 C:\xampp\htdocs\Lab9_php_ci\ci4\system\Config\Services.php(150): CodeIgniter\Config\BaseService::getSharedInstance('commands')
#11 C:\xampp\htdocs\Lab9_php_ci\ci4\system\Config\BaseService.php(248): CodeIgniter\Config\Services::commands()
#12 C:\xampp\htdocs\Lab9_php_ci\ci4\system\CLI\CommandRunner.php(35): CodeIgniter\Config\BaseService::__callStatic('commands', Array)
#13 C:\xampp\htdocs\Lab9_php_ci\ci4\system\CodeIgniter.php(809): CodeIgniter\CLI\CommandRunner->__construct()
#14 C:\xampp\htdocs\Lab9_php_ci\ci4\system\CodeIgniter.php(410): CodeIgniter\CodeIgniter->createController()
#15 C:\xampp\htdocs\Lab9_php_ci\ci4\system\CodeIgniter.php(326): CodeIgniter\CodeIgniter->handleRequest(NULL, Object(Config\Cache), false)
#16 C:\xampp\htdocs\Lab9_php_ci\ci4\system\CLI\Console.php(48): CodeIgniter\CodeIgniter->run()
#17 C:\xampp\htdocs\Lab9_php_ci\ci4\spark(63): CodeIgniter\CLI\Console->run()
#18 {main}
CRITICAL - 2023-06-12 23:02:44 --> syntax error, unexpected 'array' (T_ARRAY), expecting function (T_FUNCTION) or const (T_CONST)
#0 C:\xampp\htdocs\Lab9_php_ci\ci4\system\Autoloader\Autoloader.php(241): CodeIgniter\Autoloader\Autoloader->includeFile('C:\\xampp\\htdocs...')
#1 C:\xampp\htdocs\Lab9_php_ci\ci4\system\Autoloader\Autoloader.php(219): CodeIgniter\Autoloader\Autoloader->loadInNamespace('CodeIgniter\\Com...')
#2 [internal function]: CodeIgniter\Autoloader\Autoloader->loadClass('CodeIgniter\\Com...')
#3 [internal function]: spl_autoload_call('CodeIgniter\\Com...')
#4 C:\xampp\htdocs\Lab9_php_ci\ci4\system\Autoloader\FileLocator.php(280): class_exists('\\CodeIgniter\\Co...')
#5 C:\xampp\htdocs\Lab9_php_ci\ci4\system\CLI\Commands.php(99): CodeIgniter\Autoloader\FileLocator->findQualifiedNameFromPath('C:\\xampp\\htdocs...')
#6 C:\xampp\htdocs\Lab9_php_ci\ci4\system\CLI\Commands.php(46): CodeIgniter\CLI\Commands->discoverCommands()
#7 C:\xampp\htdocs\Lab9_php_ci\ci4\system\Config\Services.php(153): CodeIgniter\CLI\Commands->__construct()
#8 C:\xampp\htdocs\Lab9_php_ci\ci4\system\Config\BaseService.php(248): CodeIgniter\Config\Services::commands(false)
#9 C:\xampp\htdocs\Lab9_php_ci\ci4\system\Config\BaseService.php(189): CodeIgniter\Config\BaseService::__callStatic('commands', Array)
#10 C:\xampp\htdocs\Lab9_php_ci\ci4\system\Config\Services.php(150): CodeIgniter\Config\BaseService::getSharedInstance('commands')
#11 C:\xampp\htdocs\Lab9_php_ci\ci4\system\Config\BaseService.php(248): CodeIgniter\Config\Services::commands()
#12 C:\xampp\htdocs\Lab9_php_ci\ci4\system\CLI\CommandRunner.php(35): CodeIgniter\Config\BaseService::__callStatic('commands', Array)
#13 C:\xampp\htdocs\Lab9_php_ci\ci4\system\CodeIgniter.php(809): CodeIgniter\CLI\CommandRunner->__construct()
#14 C:\xampp\htdocs\Lab9_php_ci\ci4\system\CodeIgniter.php(410): CodeIgniter\CodeIgniter->createController()
#15 C:\xampp\htdocs\Lab9_php_ci\ci4\system\CodeIgniter.php(326): CodeIgniter\CodeIgniter->handleRequest(NULL, Object(Config\Cache), false)
#16 C:\xampp\htdocs\Lab9_php_ci\ci4\system\CLI\Console.php(48): CodeIgniter\CodeIgniter->run()
#17 C:\xampp\htdocs\Lab9_php_ci\ci4\spark(63): CodeIgniter\CLI\Console->run()
#18 {main}
CRITICAL - 2023-06-12 23:12:08 --> Undefined variable $content
#0 C:\xampp\htdocs\Lab9_php_ci\ci4\app\Views\contact.php(5): CodeIgniter\Debug\Exceptions->errorHandler(2, 'Undefined varia...', 'C:\\xampp\\htdocs...', 5)
#1 C:\xampp\htdocs\Lab9_php_ci\ci4\system\View\View.php(210): include('C:\\xampp\\htdocs...')
#2 C:\xampp\htdocs\Lab9_php_ci\ci4\system\View\View.php(213): CodeIgniter\View\View->CodeIgniter\View\{closure}()
#3 C:\xampp\htdocs\Lab9_php_ci\ci4\system\Common.php(1089): CodeIgniter\View\View->render('contact', Array, true)
#4 C:\xampp\htdocs\Lab9_php_ci\ci4\app\Controllers\page.php(15): view('contact', Array)
#5 C:\xampp\htdocs\Lab9_php_ci\ci4\system\CodeIgniter.php(832): App\Controllers\Page->contact()
#6 C:\xampp\htdocs\Lab9_php_ci\ci4\system\CodeIgniter.php(419): CodeIgniter\CodeIgniter->runController(Object(App\Controllers\Page))
#7 C:\xampp\htdocs\Lab9_php_ci\ci4\system\CodeIgniter.php(326): CodeIgniter\CodeIgniter->handleRequest(NULL, Object(Config\Cache), false)
#8 C:\xampp\htdocs\Lab9_php_ci\ci4\public\index.php(37): CodeIgniter\CodeIgniter->run()
#9 C:\xampp\htdocs\Lab9_php_ci\ci4\system\Commands\Server\rewrite.php(43): require_once('C:\\xampp\\htdocs...')
#10 {main}
